<?xml version="1.0" encoding="UTF-8"?>
<!-- Generated by org.testng.reporters.JUnitReportReporter -->
<testsuite skipped="0" hostname="Yam" name="HiltonPoints" tests="1" failures="0" timestamp="14 Sep 2018 02:15:23 GMT" time="70.997" errors="0">
  <testcase name="OffersForCreditCard" time="70.997" classname="HiltonPoints"/>
</testsuite> <!-- HiltonPoints -->
