<?xml version="1.0" encoding="UTF-8"?>
<!-- Generated by org.testng.reporters.JUnitReportReporter -->
<testsuite skipped="0" hostname="Yam" name="myPackage.HiltonPoints" tests="1" failures="0" timestamp="14 Sep 2018 02:23:13 GMT" time="71.312" errors="0">
  <testcase name="OffersForCreditCard" time="71.312" classname="myPackage.HiltonPoints"/>
</testsuite> <!-- myPackage.HiltonPoints -->
