<?xml version="1.0" encoding="UTF-8"?>
<!-- Generated by org.testng.reporters.JUnitReportReporter -->
<testsuite skipped="0" hostname="Yam" name="myPackage.HiltonHomePage" tests="1" failures="0" timestamp="14 Sep 2018 02:23:13 GMT" time="52.483" errors="0">
  <testcase name="searchbrowser" time="52.483" classname="myPackage.HiltonHomePage"/>
</testsuite> <!-- myPackage.HiltonHomePage -->
