<?xml version="1.0" encoding="UTF-8"?>
<!-- Generated by org.testng.reporters.JUnitReportReporter -->
<testsuite skipped="0" hostname="Yam" name="HiltonHomePage" tests="1" failures="0" timestamp="14 Sep 2018 01:59:53 GMT" time="47.928" errors="0">
  <testcase name="searchbrowser" time="47.928" classname="HiltonHomePage"/>
</testsuite> <!-- HiltonHomePage -->
